  [1m[32mSOLR Request (2.1ms)[0m  [ path=[1m[1mupdate[0m parameters={} ]
  [1m[32mSOLR Request (66.1ms)[0m  [ path=[1m[1mupdate[0m parameters={} ]
  [1m[36mUser Load (0.1ms)[0m  [1mSELECT  "users".* FROM "users"  ORDER BY "users"."id" ASC LIMIT 50[0m
SQLite3::SQLException: no such table: users: SELECT  "users".* FROM "users"  ORDER BY "users"."id" ASC LIMIT 50
  [1m[36mUser Load (0.9ms)[0m  [1mSELECT  "users".* FROM "users"  ORDER BY "users"."id" ASC LIMIT 1[0m
  [1m[35mGroup Load (0.5ms)[0m  SELECT DISTINCT "groups".* FROM "groups" INNER JOIN "groups_users" ON "groups"."id" = "groups_users"."group_id" WHERE "groups_users"."user_id" = $1  [["user_id", 1]]
  [1m[36mRole Load (0.5ms)[0m  [1mSELECT DISTINCT "roles".* FROM "roles" INNER JOIN "roles_users" ON "roles"."id" = "roles_users"."role_id" WHERE "roles_users"."user_id" = $1[0m  [["user_id", 1]]
  [1m[32mSOLR Request (26.9ms)[0m  [ path=[1m[1mupdate[0m parameters={} ]
  [1m[32mSOLR Request (3.3ms)[0m  [ path=[1m[1mupdate[0m parameters={} ]
  [1m[32mSOLR Request (27.0ms)[0m  [ path=[1m[1mupdate[0m parameters={} ]
  [1m[36mUser Load (1.0ms)[0m  [1mSELECT  "users".* FROM "users"  ORDER BY "users"."id" ASC LIMIT 50[0m
[2015-11-02 18:01:47 -0500] Start Indexing
  [1m[35mGroup Load (0.5ms)[0m  SELECT DISTINCT "groups".* FROM "groups" INNER JOIN "groups_users" ON "groups"."id" = "groups_users"."group_id" WHERE "groups_users"."user_id" = $1  [["user_id", 1]]
  [1m[36mGroup Load (0.4ms)[0m  [1mSELECT DISTINCT "groups".* FROM "groups" INNER JOIN "groups_users" ON "groups"."id" = "groups_users"."group_id" WHERE "groups_users"."user_id" = $1[0m  [["user_id", 2]]
  [1m[35mGroup Load (0.3ms)[0m  SELECT DISTINCT "groups".* FROM "groups" INNER JOIN "groups_users" ON "groups"."id" = "groups_users"."group_id" WHERE "groups_users"."user_id" = $1  [["user_id", 3]]
  [1m[36mGroup Load (0.3ms)[0m  [1mSELECT DISTINCT "groups".* FROM "groups" INNER JOIN "groups_users" ON "groups"."id" = "groups_users"."group_id" WHERE "groups_users"."user_id" = $1[0m  [["user_id", 4]]
  [1m[35mGroup Load (0.3ms)[0m  SELECT DISTINCT "groups".* FROM "groups" INNER JOIN "groups_users" ON "groups"."id" = "groups_users"."group_id" WHERE "groups_users"."user_id" = $1  [["user_id", 5]]
  [1m[36mGroup Load (0.5ms)[0m  [1mSELECT DISTINCT "groups".* FROM "groups" INNER JOIN "groups_users" ON "groups"."id" = "groups_users"."group_id" WHERE "groups_users"."user_id" = $1[0m  [["user_id", 6]]
  [1m[35mGroup Load (0.3ms)[0m  SELECT DISTINCT "groups".* FROM "groups" INNER JOIN "groups_users" ON "groups"."id" = "groups_users"."group_id" WHERE "groups_users"."user_id" = $1  [["user_id", 7]]
  [1m[36mGroup Load (0.3ms)[0m  [1mSELECT DISTINCT "groups".* FROM "groups" INNER JOIN "groups_users" ON "groups"."id" = "groups_users"."group_id" WHERE "groups_users"."user_id" = $1[0m  [["user_id", 8]]
  [1m[35mGroup Load (0.3ms)[0m  SELECT DISTINCT "groups".* FROM "groups" INNER JOIN "groups_users" ON "groups"."id" = "groups_users"."group_id" WHERE "groups_users"."user_id" = $1  [["user_id", 9]]
  [1m[36mGroup Load (0.3ms)[0m  [1mSELECT DISTINCT "groups".* FROM "groups" INNER JOIN "groups_users" ON "groups"."id" = "groups_users"."group_id" WHERE "groups_users"."user_id" = $1[0m  [["user_id", 10]]
  [1m[35mGroup Load (0.3ms)[0m  SELECT DISTINCT "groups".* FROM "groups" INNER JOIN "groups_users" ON "groups"."id" = "groups_users"."group_id" WHERE "groups_users"."user_id" = $1  [["user_id", 11]]
  [1m[36mGroup Load (0.3ms)[0m  [1mSELECT DISTINCT "groups".* FROM "groups" INNER JOIN "groups_users" ON "groups"."id" = "groups_users"."group_id" WHERE "groups_users"."user_id" = $1[0m  [["user_id", 12]]
  [1m[35mGroup Load (0.3ms)[0m  SELECT DISTINCT "groups".* FROM "groups" INNER JOIN "groups_users" ON "groups"."id" = "groups_users"."group_id" WHERE "groups_users"."user_id" = $1  [["user_id", 13]]
  [1m[36mGroup Load (0.3ms)[0m  [1mSELECT DISTINCT "groups".* FROM "groups" INNER JOIN "groups_users" ON "groups"."id" = "groups_users"."group_id" WHERE "groups_users"."user_id" = $1[0m  [["user_id", 14]]
  [1m[35mGroup Load (0.3ms)[0m  SELECT DISTINCT "groups".* FROM "groups" INNER JOIN "groups_users" ON "groups"."id" = "groups_users"."group_id" WHERE "groups_users"."user_id" = $1  [["user_id", 15]]
  [1m[36mGroup Load (0.3ms)[0m  [1mSELECT DISTINCT "groups".* FROM "groups" INNER JOIN "groups_users" ON "groups"."id" = "groups_users"."group_id" WHERE "groups_users"."user_id" = $1[0m  [["user_id", 16]]
  [1m[35mGroup Load (0.3ms)[0m  SELECT DISTINCT "groups".* FROM "groups" INNER JOIN "groups_users" ON "groups"."id" = "groups_users"."group_id" WHERE "groups_users"."user_id" = $1  [["user_id", 17]]
  [1m[36mGroup Load (0.4ms)[0m  [1mSELECT DISTINCT "groups".* FROM "groups" INNER JOIN "groups_users" ON "groups"."id" = "groups_users"."group_id" WHERE "groups_users"."user_id" = $1[0m  [["user_id", 18]]
  [1m[35mGroup Load (0.3ms)[0m  SELECT DISTINCT "groups".* FROM "groups" INNER JOIN "groups_users" ON "groups"."id" = "groups_users"."group_id" WHERE "groups_users"."user_id" = $1  [["user_id", 19]]
  [1m[36mGroup Load (0.3ms)[0m  [1mSELECT DISTINCT "groups".* FROM "groups" INNER JOIN "groups_users" ON "groups"."id" = "groups_users"."group_id" WHERE "groups_users"."user_id" = $1[0m  [["user_id", 20]]
  [1m[35mGroup Load (0.3ms)[0m  SELECT DISTINCT "groups".* FROM "groups" INNER JOIN "groups_users" ON "groups"."id" = "groups_users"."group_id" WHERE "groups_users"."user_id" = $1  [["user_id", 21]]
  [1m[36mGroup Load (0.3ms)[0m  [1mSELECT DISTINCT "groups".* FROM "groups" INNER JOIN "groups_users" ON "groups"."id" = "groups_users"."group_id" WHERE "groups_users"."user_id" = $1[0m  [["user_id", 22]]
  [1m[35mGroup Load (0.4ms)[0m  SELECT DISTINCT "groups".* FROM "groups" INNER JOIN "groups_users" ON "groups"."id" = "groups_users"."group_id" WHERE "groups_users"."user_id" = $1  [["user_id", 23]]
  [1m[36mGroup Load (0.3ms)[0m  [1mSELECT DISTINCT "groups".* FROM "groups" INNER JOIN "groups_users" ON "groups"."id" = "groups_users"."group_id" WHERE "groups_users"."user_id" = $1[0m  [["user_id", 24]]
  [1m[35mGroup Load (0.3ms)[0m  SELECT DISTINCT "groups".* FROM "groups" INNER JOIN "groups_users" ON "groups"."id" = "groups_users"."group_id" WHERE "groups_users"."user_id" = $1  [["user_id", 25]]
  [1m[36mGroup Load (0.3ms)[0m  [1mSELECT DISTINCT "groups".* FROM "groups" INNER JOIN "groups_users" ON "groups"."id" = "groups_users"."group_id" WHERE "groups_users"."user_id" = $1[0m  [["user_id", 26]]
  [1m[35mGroup Load (0.3ms)[0m  SELECT DISTINCT "groups".* FROM "groups" INNER JOIN "groups_users" ON "groups"."id" = "groups_users"."group_id" WHERE "groups_users"."user_id" = $1  [["user_id", 27]]
  [1m[36mGroup Load (0.3ms)[0m  [1mSELECT DISTINCT "groups".* FROM "groups" INNER JOIN "groups_users" ON "groups"."id" = "groups_users"."group_id" WHERE "groups_users"."user_id" = $1[0m  [["user_id", 28]]
  [1m[35mGroup Load (0.2ms)[0m  SELECT DISTINCT "groups".* FROM "groups" INNER JOIN "groups_users" ON "groups"."id" = "groups_users"."group_id" WHERE "groups_users"."user_id" = $1  [["user_id", 29]]
  [1m[36mGroup Load (0.3ms)[0m  [1mSELECT DISTINCT "groups".* FROM "groups" INNER JOIN "groups_users" ON "groups"."id" = "groups_users"."group_id" WHERE "groups_users"."user_id" = $1[0m  [["user_id", 30]]
  [1m[35mGroup Load (0.3ms)[0m  SELECT DISTINCT "groups".* FROM "groups" INNER JOIN "groups_users" ON "groups"."id" = "groups_users"."group_id" WHERE "groups_users"."user_id" = $1  [["user_id", 32]]
  [1m[36mGroup Load (0.3ms)[0m  [1mSELECT DISTINCT "groups".* FROM "groups" INNER JOIN "groups_users" ON "groups"."id" = "groups_users"."group_id" WHERE "groups_users"."user_id" = $1[0m  [["user_id", 33]]
  [1m[35mGroup Load (0.3ms)[0m  SELECT DISTINCT "groups".* FROM "groups" INNER JOIN "groups_users" ON "groups"."id" = "groups_users"."group_id" WHERE "groups_users"."user_id" = $1  [["user_id", 34]]
  [1m[36mGroup Load (0.3ms)[0m  [1mSELECT DISTINCT "groups".* FROM "groups" INNER JOIN "groups_users" ON "groups"."id" = "groups_users"."group_id" WHERE "groups_users"."user_id" = $1[0m  [["user_id", 35]]
  [1m[35mGroup Load (0.3ms)[0m  SELECT DISTINCT "groups".* FROM "groups" INNER JOIN "groups_users" ON "groups"."id" = "groups_users"."group_id" WHERE "groups_users"."user_id" = $1  [["user_id", 36]]
  [1m[36mGroup Load (0.3ms)[0m  [1mSELECT DISTINCT "groups".* FROM "groups" INNER JOIN "groups_users" ON "groups"."id" = "groups_users"."group_id" WHERE "groups_users"."user_id" = $1[0m  [["user_id", 37]]
  [1m[35mGroup Load (0.3ms)[0m  SELECT DISTINCT "groups".* FROM "groups" INNER JOIN "groups_users" ON "groups"."id" = "groups_users"."group_id" WHERE "groups_users"."user_id" = $1  [["user_id", 38]]
  [1m[36mGroup Load (0.3ms)[0m  [1mSELECT DISTINCT "groups".* FROM "groups" INNER JOIN "groups_users" ON "groups"."id" = "groups_users"."group_id" WHERE "groups_users"."user_id" = $1[0m  [["user_id", 39]]
  [1m[35mGroup Load (0.3ms)[0m  SELECT DISTINCT "groups".* FROM "groups" INNER JOIN "groups_users" ON "groups"."id" = "groups_users"."group_id" WHERE "groups_users"."user_id" = $1  [["user_id", 40]]
  [1m[36mGroup Load (0.3ms)[0m  [1mSELECT DISTINCT "groups".* FROM "groups" INNER JOIN "groups_users" ON "groups"."id" = "groups_users"."group_id" WHERE "groups_users"."user_id" = $1[0m  [["user_id", 41]]
  [1m[35mGroup Load (0.3ms)[0m  SELECT DISTINCT "groups".* FROM "groups" INNER JOIN "groups_users" ON "groups"."id" = "groups_users"."group_id" WHERE "groups_users"."user_id" = $1  [["user_id", 42]]
  [1m[36mGroup Load (0.3ms)[0m  [1mSELECT DISTINCT "groups".* FROM "groups" INNER JOIN "groups_users" ON "groups"."id" = "groups_users"."group_id" WHERE "groups_users"."user_id" = $1[0m  [["user_id", 43]]
  [1m[35mGroup Load (0.3ms)[0m  SELECT DISTINCT "groups".* FROM "groups" INNER JOIN "groups_users" ON "groups"."id" = "groups_users"."group_id" WHERE "groups_users"."user_id" = $1  [["user_id", 46]]
  [1m[36mGroup Load (0.3ms)[0m  [1mSELECT DISTINCT "groups".* FROM "groups" INNER JOIN "groups_users" ON "groups"."id" = "groups_users"."group_id" WHERE "groups_users"."user_id" = $1[0m  [["user_id", 47]]
  [1m[35mGroup Load (0.3ms)[0m  SELECT DISTINCT "groups".* FROM "groups" INNER JOIN "groups_users" ON "groups"."id" = "groups_users"."group_id" WHERE "groups_users"."user_id" = $1  [["user_id", 48]]
  [1m[36mGroup Load (0.3ms)[0m  [1mSELECT DISTINCT "groups".* FROM "groups" INNER JOIN "groups_users" ON "groups"."id" = "groups_users"."group_id" WHERE "groups_users"."user_id" = $1[0m  [["user_id", 49]]
  [1m[35mGroup Load (0.3ms)[0m  SELECT DISTINCT "groups".* FROM "groups" INNER JOIN "groups_users" ON "groups"."id" = "groups_users"."group_id" WHERE "groups_users"."user_id" = $1  [["user_id", 50]]
  [1m[36mGroup Load (0.3ms)[0m  [1mSELECT DISTINCT "groups".* FROM "groups" INNER JOIN "groups_users" ON "groups"."id" = "groups_users"."group_id" WHERE "groups_users"."user_id" = $1[0m  [["user_id", 51]]
  [1m[35mGroup Load (0.3ms)[0m  SELECT DISTINCT "groups".* FROM "groups" INNER JOIN "groups_users" ON "groups"."id" = "groups_users"."group_id" WHERE "groups_users"."user_id" = $1  [["user_id", 52]]
  [1m[36mGroup Load (0.3ms)[0m  [1mSELECT DISTINCT "groups".* FROM "groups" INNER JOIN "groups_users" ON "groups"."id" = "groups_users"."group_id" WHERE "groups_users"."user_id" = $1[0m  [["user_id", 53]]
[2015-11-02 18:01:47 -0500] Completed Indexing. Rows indexed 50. Rows/sec: 175.42936336684033 (Elapsed: 0.285015 sec.)
  [1m[35mUser Load (0.6ms)[0m  SELECT  "users".* FROM "users" WHERE ("users"."id" > 53)  ORDER BY "users"."id" ASC LIMIT 50
[2015-11-02 18:01:47 -0500] Start Indexing
  [1m[36mGroup Load (0.3ms)[0m  [1mSELECT DISTINCT "groups".* FROM "groups" INNER JOIN "groups_users" ON "groups"."id" = "groups_users"."group_id" WHERE "groups_users"."user_id" = $1[0m  [["user_id", 54]]
  [1m[35mGroup Load (0.5ms)[0m  SELECT DISTINCT "groups".* FROM "groups" INNER JOIN "groups_users" ON "groups"."id" = "groups_users"."group_id" WHERE "groups_users"."user_id" = $1  [["user_id", 55]]
  [1m[36mGroup Load (0.3ms)[0m  [1mSELECT DISTINCT "groups".* FROM "groups" INNER JOIN "groups_users" ON "groups"."id" = "groups_users"."group_id" WHERE "groups_users"."user_id" = $1[0m  [["user_id", 56]]
  [1m[35mGroup Load (0.3ms)[0m  SELECT DISTINCT "groups".* FROM "groups" INNER JOIN "groups_users" ON "groups"."id" = "groups_users"."group_id" WHERE "groups_users"."user_id" = $1  [["user_id", 57]]
  [1m[36mGroup Load (0.3ms)[0m  [1mSELECT DISTINCT "groups".* FROM "groups" INNER JOIN "groups_users" ON "groups"."id" = "groups_users"."group_id" WHERE "groups_users"."user_id" = $1[0m  [["user_id", 58]]
  [1m[35mGroup Load (0.4ms)[0m  SELECT DISTINCT "groups".* FROM "groups" INNER JOIN "groups_users" ON "groups"."id" = "groups_users"."group_id" WHERE "groups_users"."user_id" = $1  [["user_id", 59]]
  [1m[36mGroup Load (0.3ms)[0m  [1mSELECT DISTINCT "groups".* FROM "groups" INNER JOIN "groups_users" ON "groups"."id" = "groups_users"."group_id" WHERE "groups_users"."user_id" = $1[0m  [["user_id", 60]]
  [1m[35mGroup Load (0.3ms)[0m  SELECT DISTINCT "groups".* FROM "groups" INNER JOIN "groups_users" ON "groups"."id" = "groups_users"."group_id" WHERE "groups_users"."user_id" = $1  [["user_id", 61]]
  [1m[36mGroup Load (0.3ms)[0m  [1mSELECT DISTINCT "groups".* FROM "groups" INNER JOIN "groups_users" ON "groups"."id" = "groups_users"."group_id" WHERE "groups_users"."user_id" = $1[0m  [["user_id", 62]]
  [1m[35mGroup Load (0.3ms)[0m  SELECT DISTINCT "groups".* FROM "groups" INNER JOIN "groups_users" ON "groups"."id" = "groups_users"."group_id" WHERE "groups_users"."user_id" = $1  [["user_id", 63]]
  [1m[36mGroup Load (0.3ms)[0m  [1mSELECT DISTINCT "groups".* FROM "groups" INNER JOIN "groups_users" ON "groups"."id" = "groups_users"."group_id" WHERE "groups_users"."user_id" = $1[0m  [["user_id", 64]]
  [1m[35mGroup Load (0.3ms)[0m  SELECT DISTINCT "groups".* FROM "groups" INNER JOIN "groups_users" ON "groups"."id" = "groups_users"."group_id" WHERE "groups_users"."user_id" = $1  [["user_id", 65]]
  [1m[36mGroup Load (0.3ms)[0m  [1mSELECT DISTINCT "groups".* FROM "groups" INNER JOIN "groups_users" ON "groups"."id" = "groups_users"."group_id" WHERE "groups_users"."user_id" = $1[0m  [["user_id", 66]]
  [1m[35mGroup Load (0.3ms)[0m  SELECT DISTINCT "groups".* FROM "groups" INNER JOIN "groups_users" ON "groups"."id" = "groups_users"."group_id" WHERE "groups_users"."user_id" = $1  [["user_id", 67]]
  [1m[36mGroup Load (0.3ms)[0m  [1mSELECT DISTINCT "groups".* FROM "groups" INNER JOIN "groups_users" ON "groups"."id" = "groups_users"."group_id" WHERE "groups_users"."user_id" = $1[0m  [["user_id", 68]]
  [1m[35mGroup Load (0.3ms)[0m  SELECT DISTINCT "groups".* FROM "groups" INNER JOIN "groups_users" ON "groups"."id" = "groups_users"."group_id" WHERE "groups_users"."user_id" = $1  [["user_id", 69]]
  [1m[36mGroup Load (0.3ms)[0m  [1mSELECT DISTINCT "groups".* FROM "groups" INNER JOIN "groups_users" ON "groups"."id" = "groups_users"."group_id" WHERE "groups_users"."user_id" = $1[0m  [["user_id", 70]]
  [1m[35mGroup Load (0.3ms)[0m  SELECT DISTINCT "groups".* FROM "groups" INNER JOIN "groups_users" ON "groups"."id" = "groups_users"."group_id" WHERE "groups_users"."user_id" = $1  [["user_id", 71]]
  [1m[36mGroup Load (0.3ms)[0m  [1mSELECT DISTINCT "groups".* FROM "groups" INNER JOIN "groups_users" ON "groups"."id" = "groups_users"."group_id" WHERE "groups_users"."user_id" = $1[0m  [["user_id", 72]]
  [1m[35mGroup Load (0.3ms)[0m  SELECT DISTINCT "groups".* FROM "groups" INNER JOIN "groups_users" ON "groups"."id" = "groups_users"."group_id" WHERE "groups_users"."user_id" = $1  [["user_id", 73]]
  [1m[36mGroup Load (0.3ms)[0m  [1mSELECT DISTINCT "groups".* FROM "groups" INNER JOIN "groups_users" ON "groups"."id" = "groups_users"."group_id" WHERE "groups_users"."user_id" = $1[0m  [["user_id", 74]]
  [1m[35mGroup Load (0.5ms)[0m  SELECT DISTINCT "groups".* FROM "groups" INNER JOIN "groups_users" ON "groups"."id" = "groups_users"."group_id" WHERE "groups_users"."user_id" = $1  [["user_id", 75]]
  [1m[36mGroup Load (0.3ms)[0m  [1mSELECT DISTINCT "groups".* FROM "groups" INNER JOIN "groups_users" ON "groups"."id" = "groups_users"."group_id" WHERE "groups_users"."user_id" = $1[0m  [["user_id", 77]]
  [1m[35mGroup Load (0.4ms)[0m  SELECT DISTINCT "groups".* FROM "groups" INNER JOIN "groups_users" ON "groups"."id" = "groups_users"."group_id" WHERE "groups_users"."user_id" = $1  [["user_id", 78]]
  [1m[36mGroup Load (0.4ms)[0m  [1mSELECT DISTINCT "groups".* FROM "groups" INNER JOIN "groups_users" ON "groups"."id" = "groups_users"."group_id" WHERE "groups_users"."user_id" = $1[0m  [["user_id", 79]]
  [1m[35mGroup Load (0.5ms)[0m  SELECT DISTINCT "groups".* FROM "groups" INNER JOIN "groups_users" ON "groups"."id" = "groups_users"."group_id" WHERE "groups_users"."user_id" = $1  [["user_id", 80]]
  [1m[36mGroup Load (0.4ms)[0m  [1mSELECT DISTINCT "groups".* FROM "groups" INNER JOIN "groups_users" ON "groups"."id" = "groups_users"."group_id" WHERE "groups_users"."user_id" = $1[0m  [["user_id", 81]]
  [1m[35mGroup Load (0.4ms)[0m  SELECT DISTINCT "groups".* FROM "groups" INNER JOIN "groups_users" ON "groups"."id" = "groups_users"."group_id" WHERE "groups_users"."user_id" = $1  [["user_id", 82]]
  [1m[36mGroup Load (0.4ms)[0m  [1mSELECT DISTINCT "groups".* FROM "groups" INNER JOIN "groups_users" ON "groups"."id" = "groups_users"."group_id" WHERE "groups_users"."user_id" = $1[0m  [["user_id", 85]]
  [1m[35mGroup Load (0.4ms)[0m  SELECT DISTINCT "groups".* FROM "groups" INNER JOIN "groups_users" ON "groups"."id" = "groups_users"."group_id" WHERE "groups_users"."user_id" = $1  [["user_id", 86]]
  [1m[36mGroup Load (0.4ms)[0m  [1mSELECT DISTINCT "groups".* FROM "groups" INNER JOIN "groups_users" ON "groups"."id" = "groups_users"."group_id" WHERE "groups_users"."user_id" = $1[0m  [["user_id", 87]]
  [1m[35mGroup Load (3.0ms)[0m  SELECT DISTINCT "groups".* FROM "groups" INNER JOIN "groups_users" ON "groups"."id" = "groups_users"."group_id" WHERE "groups_users"."user_id" = $1  [["user_id", 88]]
  [1m[36mGroup Load (0.4ms)[0m  [1mSELECT DISTINCT "groups".* FROM "groups" INNER JOIN "groups_users" ON "groups"."id" = "groups_users"."group_id" WHERE "groups_users"."user_id" = $1[0m  [["user_id", 89]]
  [1m[35mGroup Load (0.4ms)[0m  SELECT DISTINCT "groups".* FROM "groups" INNER JOIN "groups_users" ON "groups"."id" = "groups_users"."group_id" WHERE "groups_users"."user_id" = $1  [["user_id", 90]]
  [1m[36mGroup Load (0.4ms)[0m  [1mSELECT DISTINCT "groups".* FROM "groups" INNER JOIN "groups_users" ON "groups"."id" = "groups_users"."group_id" WHERE "groups_users"."user_id" = $1[0m  [["user_id", 91]]
  [1m[35mGroup Load (0.4ms)[0m  SELECT DISTINCT "groups".* FROM "groups" INNER JOIN "groups_users" ON "groups"."id" = "groups_users"."group_id" WHERE "groups_users"."user_id" = $1  [["user_id", 92]]
  [1m[36mGroup Load (0.4ms)[0m  [1mSELECT DISTINCT "groups".* FROM "groups" INNER JOIN "groups_users" ON "groups"."id" = "groups_users"."group_id" WHERE "groups_users"."user_id" = $1[0m  [["user_id", 93]]
  [1m[35mGroup Load (0.4ms)[0m  SELECT DISTINCT "groups".* FROM "groups" INNER JOIN "groups_users" ON "groups"."id" = "groups_users"."group_id" WHERE "groups_users"."user_id" = $1  [["user_id", 94]]
  [1m[36mGroup Load (0.3ms)[0m  [1mSELECT DISTINCT "groups".* FROM "groups" INNER JOIN "groups_users" ON "groups"."id" = "groups_users"."group_id" WHERE "groups_users"."user_id" = $1[0m  [["user_id", 95]]
  [1m[35mGroup Load (0.4ms)[0m  SELECT DISTINCT "groups".* FROM "groups" INNER JOIN "groups_users" ON "groups"."id" = "groups_users"."group_id" WHERE "groups_users"."user_id" = $1  [["user_id", 96]]
  [1m[36mGroup Load (0.4ms)[0m  [1mSELECT DISTINCT "groups".* FROM "groups" INNER JOIN "groups_users" ON "groups"."id" = "groups_users"."group_id" WHERE "groups_users"."user_id" = $1[0m  [["user_id", 97]]
  [1m[35mGroup Load (0.6ms)[0m  SELECT DISTINCT "groups".* FROM "groups" INNER JOIN "groups_users" ON "groups"."id" = "groups_users"."group_id" WHERE "groups_users"."user_id" = $1  [["user_id", 98]]
  [1m[36mGroup Load (0.3ms)[0m  [1mSELECT DISTINCT "groups".* FROM "groups" INNER JOIN "groups_users" ON "groups"."id" = "groups_users"."group_id" WHERE "groups_users"."user_id" = $1[0m  [["user_id", 99]]
  [1m[35mGroup Load (0.3ms)[0m  SELECT DISTINCT "groups".* FROM "groups" INNER JOIN "groups_users" ON "groups"."id" = "groups_users"."group_id" WHERE "groups_users"."user_id" = $1  [["user_id", 100]]
  [1m[36mGroup Load (0.4ms)[0m  [1mSELECT DISTINCT "groups".* FROM "groups" INNER JOIN "groups_users" ON "groups"."id" = "groups_users"."group_id" WHERE "groups_users"."user_id" = $1[0m  [["user_id", 101]]
[2015-11-02 18:01:47 -0500] Completed Indexing. Rows indexed 100. Rows/sec: 331.34526176275676 (Elapsed: 0.1509 sec.)
  [1m[35mUser Load (0.4ms)[0m  SELECT "users".* FROM "users" WHERE "users"."id" = 1
  [1m[36mUser Load (0.5ms)[0m  [1mSELECT "users".* FROM "users" WHERE "users"."id" = 1[0m
  [1m[35mUser Load (0.5ms)[0m  SELECT "users".* FROM "users" WHERE "users"."id" = 1
  [1m[36mUser Load (0.5ms)[0m  [1mSELECT "users".* FROM "users" WHERE "users"."id" = 1[0m
  [1m[35mUser Load (0.5ms)[0m  SELECT "users".* FROM "users" WHERE "users"."id" = 1
  [1m[36mUser Load (0.4ms)[0m  [1mSELECT "users".* FROM "users" WHERE "users"."id" = 1[0m
