Nov 10, 2015 1:51:49 PM org.apache.solr.servlet.SolrDispatchFilter init
INFO: SolrDispatchFilter.init()
Nov 10, 2015 1:51:49 PM org.apache.solr.core.SolrResourceLoader locateSolrHome
INFO: JNDI not configured for solr (NoInitialContextEx)
Nov 10, 2015 1:51:49 PM org.apache.solr.core.SolrResourceLoader locateSolrHome
INFO: using system property solr.solr.home: /Users/prakashteli/workspaces/enterprise-rails/components/search/spec/dummy/solr
Nov 10, 2015 1:51:49 PM org.apache.solr.core.CoreContainer$Initializer initialize
INFO: looking for solr.xml: /Users/prakashteli/workspaces/enterprise-rails/components/search/spec/dummy/solr/solr.xml
Nov 10, 2015 1:51:49 PM org.apache.solr.core.CoreContainer <init>
INFO: New CoreContainer 306123060
Nov 10, 2015 1:51:49 PM org.apache.solr.core.CoreContainer load
INFO: Loading CoreContainer using Solr Home: '/Users/prakashteli/workspaces/enterprise-rails/components/search/spec/dummy/solr/'
Nov 10, 2015 1:51:49 PM org.apache.solr.core.SolrResourceLoader <init>
INFO: new SolrResourceLoader for directory: '/Users/prakashteli/workspaces/enterprise-rails/components/search/spec/dummy/solr/'
Nov 10, 2015 1:51:49 PM org.apache.solr.handler.component.HttpShardHandlerFactory getParameter
INFO: Setting socketTimeout to: 0
Nov 10, 2015 1:51:49 PM org.apache.solr.handler.component.HttpShardHandlerFactory getParameter
INFO: Setting urlScheme to: http://
Nov 10, 2015 1:51:49 PM org.apache.solr.handler.component.HttpShardHandlerFactory getParameter
INFO: Setting connTimeout to: 0
Nov 10, 2015 1:51:49 PM org.apache.solr.handler.component.HttpShardHandlerFactory getParameter
INFO: Setting maxConnectionsPerHost to: 20
Nov 10, 2015 1:51:49 PM org.apache.solr.handler.component.HttpShardHandlerFactory getParameter
INFO: Setting corePoolSize to: 0
Nov 10, 2015 1:51:49 PM org.apache.solr.handler.component.HttpShardHandlerFactory getParameter
INFO: Setting maximumPoolSize to: 2147483647
Nov 10, 2015 1:51:49 PM org.apache.solr.handler.component.HttpShardHandlerFactory getParameter
INFO: Setting maxThreadIdleTime to: 5
Nov 10, 2015 1:51:49 PM org.apache.solr.handler.component.HttpShardHandlerFactory getParameter
INFO: Setting sizeOfQueue to: -1
Nov 10, 2015 1:51:49 PM org.apache.solr.handler.component.HttpShardHandlerFactory getParameter
INFO: Setting fairnessPolicy to: false
Nov 10, 2015 1:51:49 PM org.apache.solr.client.solrj.impl.HttpClientUtil createClient
INFO: Creating new http client, config:maxConnectionsPerHost=20&maxConnections=10000&socketTimeout=0&connTimeout=0&retry=false
Nov 10, 2015 1:51:49 PM org.apache.solr.core.CoreContainer load
INFO: Registering Log Listener
Nov 10, 2015 1:51:49 PM org.apache.solr.core.CoreContainer create
INFO: Creating SolrCore 'default' using instanceDir: /Users/prakashteli/workspaces/enterprise-rails/components/search/spec/dummy/solr/.
Nov 10, 2015 1:51:49 PM org.apache.solr.core.SolrResourceLoader <init>
INFO: new SolrResourceLoader for directory: '/Users/prakashteli/workspaces/enterprise-rails/components/search/spec/dummy/solr/./'
Nov 10, 2015 1:51:49 PM org.apache.solr.core.CoreContainer create
INFO: Creating SolrCore 'development' using instanceDir: /Users/prakashteli/workspaces/enterprise-rails/components/search/spec/dummy/solr/.
Nov 10, 2015 1:51:49 PM org.apache.solr.core.CoreContainer create
INFO: Creating SolrCore 'test' using instanceDir: /Users/prakashteli/workspaces/enterprise-rails/components/search/spec/dummy/solr/.
Nov 10, 2015 1:51:49 PM org.apache.solr.core.SolrResourceLoader <init>
INFO: new SolrResourceLoader for directory: '/Users/prakashteli/workspaces/enterprise-rails/components/search/spec/dummy/solr/./'
Nov 10, 2015 1:51:49 PM org.apache.solr.core.SolrResourceLoader <init>
INFO: new SolrResourceLoader for directory: '/Users/prakashteli/workspaces/enterprise-rails/components/search/spec/dummy/solr/./'
Nov 10, 2015 1:51:49 PM org.apache.solr.core.SolrConfig <init>
INFO: Using Lucene MatchVersion: LUCENE_41
Nov 10, 2015 1:51:49 PM org.apache.solr.core.SolrConfig <init>
INFO: Using Lucene MatchVersion: LUCENE_41
Nov 10, 2015 1:51:49 PM org.apache.solr.core.SolrConfig <init>
INFO: Using Lucene MatchVersion: LUCENE_41
Nov 10, 2015 1:51:49 PM org.apache.solr.core.SolrConfig <init>
INFO: Loaded SolrConfig: solrconfig.xml
Nov 10, 2015 1:51:49 PM org.apache.solr.core.SolrConfig <init>
INFO: Loaded SolrConfig: solrconfig.xml
Nov 10, 2015 1:51:49 PM org.apache.solr.core.SolrConfig <init>
INFO: Loaded SolrConfig: solrconfig.xml
Nov 10, 2015 1:51:49 PM org.apache.solr.schema.IndexSchema readSchema
INFO: Reading Solr Schema
Nov 10, 2015 1:51:49 PM org.apache.solr.schema.IndexSchema readSchema
INFO: Reading Solr Schema
Nov 10, 2015 1:51:49 PM org.apache.solr.schema.IndexSchema readSchema
INFO: Reading Solr Schema
Nov 10, 2015 1:51:49 PM org.apache.solr.schema.IndexSchema readSchema
INFO: Schema name=sunspot
Nov 10, 2015 1:51:49 PM org.apache.solr.schema.IndexSchema readSchema
INFO: Schema name=sunspot
Nov 10, 2015 1:51:49 PM org.apache.solr.schema.IndexSchema readSchema
INFO: Schema name=sunspot
Nov 10, 2015 1:51:49 PM org.apache.solr.schema.IndexSchema readSchema
INFO: default search field in schema is text
Nov 10, 2015 1:51:49 PM org.apache.solr.schema.IndexSchema readSchema
INFO: query parser default operator is AND
Nov 10, 2015 1:51:49 PM org.apache.solr.schema.IndexSchema readSchema
INFO: default search field in schema is text
Nov 10, 2015 1:51:49 PM org.apache.solr.schema.IndexSchema readSchema
INFO: unique key field: id
Nov 10, 2015 1:51:49 PM org.apache.solr.schema.IndexSchema readSchema
INFO: default search field in schema is text
Nov 10, 2015 1:51:49 PM org.apache.solr.schema.IndexSchema readSchema
INFO: query parser default operator is AND
Nov 10, 2015 1:51:49 PM org.apache.solr.schema.IndexSchema readSchema
INFO: query parser default operator is AND
Nov 10, 2015 1:51:49 PM org.apache.solr.schema.IndexSchema readSchema
INFO: unique key field: id
Nov 10, 2015 1:51:49 PM org.apache.solr.schema.IndexSchema readSchema
INFO: unique key field: id
Nov 10, 2015 1:51:49 PM org.apache.solr.core.SolrCore <init>
INFO: [default] Opening new SolrCore at /Users/prakashteli/workspaces/enterprise-rails/components/search/spec/dummy/solr/./, dataDir=/Users/prakashteli/workspaces/enterprise-rails/components/search/spec/dummy/solr/./default/data/
Nov 10, 2015 1:51:49 PM org.apache.solr.core.SolrCore <init>
INFO: [test] Opening new SolrCore at /Users/prakashteli/workspaces/enterprise-rails/components/search/spec/dummy/solr/./, dataDir=/Users/prakashteli/workspaces/enterprise-rails/components/search/spec/dummy/solr/./test/data/
Nov 10, 2015 1:51:49 PM org.apache.solr.core.SolrCore <init>
INFO: [development] Opening new SolrCore at /Users/prakashteli/workspaces/enterprise-rails/components/search/spec/dummy/solr/./, dataDir=/Users/prakashteli/workspaces/enterprise-rails/components/search/spec/dummy/solr/./development/data/
Nov 10, 2015 1:51:49 PM org.apache.solr.core.SolrCore <init>
INFO: JMX monitoring not detected for core: test
Nov 10, 2015 1:51:49 PM org.apache.solr.core.SolrCore <init>
INFO: JMX monitoring not detected for core: default
Nov 10, 2015 1:51:49 PM org.apache.solr.core.SolrCore <init>
INFO: JMX monitoring not detected for core: development
Nov 10, 2015 1:51:49 PM org.apache.solr.core.SolrCore initDirectoryFactory
INFO: solr.NRTCachingDirectoryFactory
Nov 10, 2015 1:51:49 PM org.apache.solr.core.SolrCore initDirectoryFactory
INFO: solr.NRTCachingDirectoryFactory
Nov 10, 2015 1:51:49 PM org.apache.solr.core.SolrCore initDirectoryFactory
INFO: solr.NRTCachingDirectoryFactory
Nov 10, 2015 1:51:49 PM org.apache.solr.core.CachingDirectoryFactory get
INFO: return new directory for /Users/prakashteli/workspaces/enterprise-rails/components/search/spec/dummy/solr/./development/data forceNew: false
Nov 10, 2015 1:51:49 PM org.apache.solr.core.CachingDirectoryFactory get
INFO: return new directory for /Users/prakashteli/workspaces/enterprise-rails/components/search/spec/dummy/solr/./default/data forceNew: false
Nov 10, 2015 1:51:49 PM org.apache.solr.core.CachingDirectoryFactory get
INFO: return new directory for /Users/prakashteli/workspaces/enterprise-rails/components/search/spec/dummy/solr/./test/data forceNew: false
Nov 10, 2015 1:51:49 PM org.apache.solr.core.SolrCore getNewIndexDir
INFO: New index directory detected: old=null new=/Users/prakashteli/workspaces/enterprise-rails/components/search/spec/dummy/solr/./default/data/index/
Nov 10, 2015 1:51:49 PM org.apache.solr.core.SolrCore getNewIndexDir
INFO: New index directory detected: old=null new=/Users/prakashteli/workspaces/enterprise-rails/components/search/spec/dummy/solr/./development/data/index/
Nov 10, 2015 1:51:49 PM org.apache.solr.core.SolrCore getNewIndexDir
INFO: New index directory detected: old=null new=/Users/prakashteli/workspaces/enterprise-rails/components/search/spec/dummy/solr/./test/data/index/
Nov 10, 2015 1:51:49 PM org.apache.solr.core.CachingDirectoryFactory get
INFO: return new directory for /Users/prakashteli/workspaces/enterprise-rails/components/search/spec/dummy/solr/./default/data/index forceNew: false
Nov 10, 2015 1:51:49 PM org.apache.solr.core.CachingDirectoryFactory get
INFO: return new directory for /Users/prakashteli/workspaces/enterprise-rails/components/search/spec/dummy/solr/./development/data/index forceNew: false
Nov 10, 2015 1:51:49 PM org.apache.solr.core.CachingDirectoryFactory get
INFO: return new directory for /Users/prakashteli/workspaces/enterprise-rails/components/search/spec/dummy/solr/./test/data/index forceNew: false
Nov 10, 2015 1:51:49 PM org.apache.solr.core.RequestHandlers initHandlersFromConfig
INFO: created /select: solr.SearchHandler
Nov 10, 2015 1:51:49 PM org.apache.solr.core.RequestHandlers initHandlersFromConfig
INFO: created /query: solr.SearchHandler
Nov 10, 2015 1:51:49 PM org.apache.solr.core.RequestHandlers initHandlersFromConfig
INFO: created /select: solr.SearchHandler
Nov 10, 2015 1:51:49 PM org.apache.solr.core.RequestHandlers initHandlersFromConfig
INFO: created /query: solr.SearchHandler
Nov 10, 2015 1:51:49 PM org.apache.solr.core.RequestHandlers initHandlersFromConfig
INFO: created /get: solr.RealTimeGetHandler
Nov 10, 2015 1:51:49 PM org.apache.solr.core.RequestHandlers initHandlersFromConfig
INFO: created /get: solr.RealTimeGetHandler
Nov 10, 2015 1:51:49 PM org.apache.solr.core.RequestHandlers initHandlersFromConfig
INFO: created /select: solr.SearchHandler
Nov 10, 2015 1:51:49 PM org.apache.solr.core.RequestHandlers initHandlersFromConfig
INFO: created /query: solr.SearchHandler
Nov 10, 2015 1:51:49 PM org.apache.solr.core.RequestHandlers initHandlersFromConfig
INFO: created /get: solr.RealTimeGetHandler
Nov 10, 2015 1:51:49 PM org.apache.solr.core.RequestHandlers initHandlersFromConfig
INFO: created /update: solr.UpdateRequestHandler
Nov 10, 2015 1:51:49 PM org.apache.solr.core.RequestHandlers initHandlersFromConfig
INFO: created /update: solr.UpdateRequestHandler
Nov 10, 2015 1:51:49 PM org.apache.solr.core.RequestHandlers initHandlersFromConfig
INFO: created /update: solr.UpdateRequestHandler
Nov 10, 2015 1:51:49 PM org.apache.solr.core.RequestHandlers initHandlersFromConfig
INFO: created /update/json: solr.JsonUpdateRequestHandler
Nov 10, 2015 1:51:49 PM org.apache.solr.core.RequestHandlers initHandlersFromConfig
INFO: created /update/json: solr.JsonUpdateRequestHandler
Nov 10, 2015 1:51:49 PM org.apache.solr.core.RequestHandlers initHandlersFromConfig
INFO: created /update/json: solr.JsonUpdateRequestHandler
Nov 10, 2015 1:51:49 PM org.apache.solr.core.RequestHandlers initHandlersFromConfig
INFO: created /update/csv: solr.CSVRequestHandler
Nov 10, 2015 1:51:49 PM org.apache.solr.core.RequestHandlers initHandlersFromConfig
INFO: adding lazy requestHandler: solr.extraction.ExtractingRequestHandler
Nov 10, 2015 1:51:49 PM org.apache.solr.core.RequestHandlers initHandlersFromConfig
INFO: created /update/csv: solr.CSVRequestHandler
Nov 10, 2015 1:51:49 PM org.apache.solr.core.RequestHandlers initHandlersFromConfig
INFO: adding lazy requestHandler: solr.extraction.ExtractingRequestHandler
Nov 10, 2015 1:51:49 PM org.apache.solr.core.RequestHandlers initHandlersFromConfig
INFO: created /update/extract: solr.extraction.ExtractingRequestHandler
Nov 10, 2015 1:51:49 PM org.apache.solr.core.RequestHandlers initHandlersFromConfig
INFO: created /update/csv: solr.CSVRequestHandler
Nov 10, 2015 1:51:49 PM org.apache.solr.core.RequestHandlers initHandlersFromConfig
INFO: created /update/extract: solr.extraction.ExtractingRequestHandler
Nov 10, 2015 1:51:49 PM org.apache.solr.core.RequestHandlers initHandlersFromConfig
INFO: adding lazy requestHandler: solr.extraction.ExtractingRequestHandler
Nov 10, 2015 1:51:49 PM org.apache.solr.core.RequestHandlers initHandlersFromConfig
INFO: adding lazy requestHandler: solr.FieldAnalysisRequestHandler
Nov 10, 2015 1:51:49 PM org.apache.solr.core.RequestHandlers initHandlersFromConfig
INFO: created /update/extract: solr.extraction.ExtractingRequestHandler
Nov 10, 2015 1:51:49 PM org.apache.solr.core.RequestHandlers initHandlersFromConfig
INFO: adding lazy requestHandler: solr.FieldAnalysisRequestHandler
Nov 10, 2015 1:51:49 PM org.apache.solr.core.RequestHandlers initHandlersFromConfig
INFO: adding lazy requestHandler: solr.FieldAnalysisRequestHandler
Nov 10, 2015 1:51:49 PM org.apache.solr.core.RequestHandlers initHandlersFromConfig
INFO: created /analysis/field: solr.FieldAnalysisRequestHandler
Nov 10, 2015 1:51:49 PM org.apache.solr.core.RequestHandlers initHandlersFromConfig
INFO: created /analysis/field: solr.FieldAnalysisRequestHandler
Nov 10, 2015 1:51:49 PM org.apache.solr.core.RequestHandlers initHandlersFromConfig
INFO: created /analysis/field: solr.FieldAnalysisRequestHandler
Nov 10, 2015 1:51:49 PM org.apache.solr.core.RequestHandlers initHandlersFromConfig
INFO: adding lazy requestHandler: solr.DocumentAnalysisRequestHandler
Nov 10, 2015 1:51:49 PM org.apache.solr.core.RequestHandlers initHandlersFromConfig
INFO: adding lazy requestHandler: solr.DocumentAnalysisRequestHandler
Nov 10, 2015 1:51:49 PM org.apache.solr.core.RequestHandlers initHandlersFromConfig
INFO: created /analysis/document: solr.DocumentAnalysisRequestHandler
Nov 10, 2015 1:51:49 PM org.apache.solr.core.RequestHandlers initHandlersFromConfig
INFO: adding lazy requestHandler: solr.DocumentAnalysisRequestHandler
Nov 10, 2015 1:51:49 PM org.apache.solr.core.RequestHandlers initHandlersFromConfig
INFO: created /analysis/document: solr.DocumentAnalysisRequestHandler
Nov 10, 2015 1:51:49 PM org.apache.solr.core.RequestHandlers initHandlersFromConfig
INFO: created /analysis/document: solr.DocumentAnalysisRequestHandler
Nov 10, 2015 1:51:49 PM org.apache.solr.core.RequestHandlers initHandlersFromConfig
INFO: created /admin/ping: solr.PingRequestHandler
Nov 10, 2015 1:51:49 PM org.apache.solr.core.RequestHandlers initHandlersFromConfig
INFO: created /admin/ping: solr.PingRequestHandler
Nov 10, 2015 1:51:49 PM org.apache.solr.core.RequestHandlers initHandlersFromConfig
INFO: created /admin/ping: solr.PingRequestHandler
Nov 10, 2015 1:51:49 PM org.apache.solr.core.RequestHandlers initHandlersFromConfig
INFO: created /debug/dump: solr.DumpRequestHandler
Nov 10, 2015 1:51:49 PM org.apache.solr.core.RequestHandlers initHandlersFromConfig
INFO: created /debug/dump: solr.DumpRequestHandler
Nov 10, 2015 1:51:49 PM org.apache.solr.core.RequestHandlers initHandlersFromConfig
INFO: created /debug/dump: solr.DumpRequestHandler
Nov 10, 2015 1:51:49 PM org.apache.solr.core.RequestHandlers initHandlersFromConfig
INFO: created /replication: solr.ReplicationHandler
Nov 10, 2015 1:51:49 PM org.apache.solr.core.RequestHandlers initHandlersFromConfig
INFO: created /replication: solr.ReplicationHandler
Nov 10, 2015 1:51:49 PM org.apache.solr.core.RequestHandlers initHandlersFromConfig
INFO: created /replication: solr.ReplicationHandler
Nov 10, 2015 1:51:49 PM org.apache.solr.core.RequestHandlers initHandlersFromConfig
INFO: created /mlt: solr.MoreLikeThisHandler
Nov 10, 2015 1:51:49 PM org.apache.solr.core.RequestHandlers initHandlersFromConfig
INFO: created /mlt: solr.MoreLikeThisHandler
Nov 10, 2015 1:51:49 PM org.apache.solr.core.RequestHandlers initHandlersFromConfig
INFO: created /mlt: solr.MoreLikeThisHandler
Nov 10, 2015 1:51:49 PM org.apache.solr.core.RequestHandlers initHandlersFromConfig
INFO: created /admin/: solr.admin.AdminHandlers
Nov 10, 2015 1:51:49 PM org.apache.solr.core.RequestHandlers initHandlersFromConfig
INFO: created /admin/: solr.admin.AdminHandlers
Nov 10, 2015 1:51:49 PM org.apache.solr.core.RequestHandlers initHandlersFromConfig
INFO: created /admin/: solr.admin.AdminHandlers
Nov 10, 2015 1:51:49 PM org.apache.solr.handler.loader.XMLLoader init
INFO: xsltCacheLifetimeSeconds=60
Nov 10, 2015 1:51:49 PM org.apache.solr.handler.loader.XMLLoader init
INFO: xsltCacheLifetimeSeconds=60
Nov 10, 2015 1:51:49 PM org.apache.solr.handler.loader.XMLLoader init
INFO: xsltCacheLifetimeSeconds=60
Nov 10, 2015 1:51:49 PM org.apache.solr.handler.loader.XMLLoader init
INFO: xsltCacheLifetimeSeconds=60
Nov 10, 2015 1:51:49 PM org.apache.solr.handler.loader.XMLLoader init
INFO: xsltCacheLifetimeSeconds=60
Nov 10, 2015 1:51:49 PM org.apache.solr.handler.loader.XMLLoader init
INFO: xsltCacheLifetimeSeconds=60
Nov 10, 2015 1:51:50 PM org.apache.solr.handler.loader.XMLLoader init
INFO: xsltCacheLifetimeSeconds=60
Nov 10, 2015 1:51:50 PM org.apache.solr.handler.loader.XMLLoader init
INFO: xsltCacheLifetimeSeconds=60
Nov 10, 2015 1:51:50 PM org.apache.solr.handler.loader.XMLLoader init
INFO: xsltCacheLifetimeSeconds=60
Nov 10, 2015 1:51:50 PM org.apache.solr.search.SolrIndexSearcher <init>
INFO: Opening Searcher@bb7f43e main
Nov 10, 2015 1:51:50 PM org.apache.solr.search.SolrIndexSearcher <init>
INFO: Opening Searcher@6a367171 main
Nov 10, 2015 1:51:50 PM org.apache.solr.update.CommitTracker <init>
INFO: Hard AutoCommit: if uncommited for 15000ms; 
Nov 10, 2015 1:51:50 PM org.apache.solr.update.CommitTracker <init>
INFO: Hard AutoCommit: if uncommited for 15000ms; 
Nov 10, 2015 1:51:50 PM org.apache.solr.update.CommitTracker <init>
INFO: Soft AutoCommit: if uncommited for 5000ms; 
Nov 10, 2015 1:51:50 PM org.apache.solr.update.CommitTracker <init>
INFO: Soft AutoCommit: if uncommited for 5000ms; 
Nov 10, 2015 1:51:50 PM org.apache.solr.handler.component.SpellCheckComponent inform
INFO: Initializing spell checkers
Nov 10, 2015 1:51:50 PM org.apache.solr.handler.component.SpellCheckComponent inform
INFO: Initializing spell checkers
Nov 10, 2015 1:51:50 PM org.apache.solr.search.SolrIndexSearcher <init>
INFO: Opening Searcher@16ab790f main
Nov 10, 2015 1:51:50 PM org.apache.solr.update.CommitTracker <init>
INFO: Hard AutoCommit: if uncommited for 15000ms; 
Nov 10, 2015 1:51:50 PM org.apache.solr.update.CommitTracker <init>
INFO: Soft AutoCommit: if uncommited for 5000ms; 
Nov 10, 2015 1:51:50 PM org.apache.solr.handler.component.SpellCheckComponent inform
INFO: Initializing spell checkers
Nov 10, 2015 1:51:50 PM org.apache.solr.handler.component.SpellCheckComponent inform
INFO: Registering newSearcher listener for spellchecker: default
Nov 10, 2015 1:51:50 PM org.apache.solr.handler.component.SpellCheckComponent inform
INFO: Registering newSearcher listener for spellchecker: default
Nov 10, 2015 1:51:50 PM org.apache.solr.handler.component.SpellCheckComponent inform
INFO: Registering newSearcher listener for spellchecker: default
Nov 10, 2015 1:51:50 PM org.apache.solr.spelling.DirectSolrSpellChecker init
INFO: init: {name=example,field=title_text,buildOnCommit=true,classname=solr.DirectSolrSpellChecker,distanceMeasure=internal,accuracy=0.5,maxEdits=2,minPrefix=1,maxInspections=5,minQueryLength=4,maxQueryFrequency=0.01}
Nov 10, 2015 1:51:50 PM org.apache.solr.spelling.DirectSolrSpellChecker init
INFO: init: {name=example,field=title_text,buildOnCommit=true,classname=solr.DirectSolrSpellChecker,distanceMeasure=internal,accuracy=0.5,maxEdits=2,minPrefix=1,maxInspections=5,minQueryLength=4,maxQueryFrequency=0.01}
Nov 10, 2015 1:51:50 PM org.apache.solr.spelling.DirectSolrSpellChecker init
INFO: init: {name=example,field=title_text,buildOnCommit=true,classname=solr.DirectSolrSpellChecker,distanceMeasure=internal,accuracy=0.5,maxEdits=2,minPrefix=1,maxInspections=5,minQueryLength=4,maxQueryFrequency=0.01}
Nov 10, 2015 1:51:50 PM org.apache.solr.handler.component.SpellCheckComponent inform
INFO: Registering newSearcher listener for spellchecker: example
Nov 10, 2015 1:51:50 PM org.apache.solr.handler.component.SpellCheckComponent inform
INFO: Registering newSearcher listener for spellchecker: example
Nov 10, 2015 1:51:50 PM org.apache.solr.handler.component.SpellCheckComponent inform
INFO: Registering newSearcher listener for spellchecker: example
Nov 10, 2015 1:51:50 PM org.apache.solr.handler.component.SpellCheckComponent inform
INFO: No queryConverter defined, using default converter
Nov 10, 2015 1:51:50 PM org.apache.solr.handler.component.SpellCheckComponent inform
INFO: No queryConverter defined, using default converter
Nov 10, 2015 1:51:50 PM org.apache.solr.handler.component.SpellCheckComponent inform
INFO: No queryConverter defined, using default converter
Nov 10, 2015 1:51:50 PM org.apache.solr.handler.ReplicationHandler inform
INFO: Commits will be reserved for  10000
Nov 10, 2015 1:51:50 PM org.apache.solr.handler.ReplicationHandler inform
INFO: Commits will be reserved for  10000
Nov 10, 2015 1:51:50 PM org.apache.solr.handler.ReplicationHandler inform
INFO: Commits will be reserved for  10000
Nov 10, 2015 1:51:50 PM org.apache.solr.core.SolrCore registerSearcher
INFO: [test] Registered new searcher Searcher@bb7f43e main{StandardDirectoryReader(segments_1:1)}
Nov 10, 2015 1:51:50 PM org.apache.solr.core.SolrCore registerSearcher
INFO: [development] Registered new searcher Searcher@16ab790f main{StandardDirectoryReader(segments_h:48 _g(4.2):C55 _h(4.2):C45)}
Nov 10, 2015 1:51:50 PM org.apache.solr.core.SolrCore registerSearcher
INFO: [default] Registered new searcher Searcher@6a367171 main{StandardDirectoryReader(segments_1:1)}
Nov 10, 2015 1:51:50 PM org.apache.solr.core.CoreContainer registerCore
INFO: registering core: development
Nov 10, 2015 1:51:50 PM org.apache.solr.core.CoreContainer registerCore
INFO: registering core: default
Nov 10, 2015 1:51:50 PM org.apache.solr.core.CoreContainer registerCore
INFO: registering core: test
Nov 10, 2015 1:51:50 PM org.apache.solr.servlet.SolrDispatchFilter init
INFO: user.dir=/Users/prakashteli/.rvm/gems/ruby-2.2.1/gems/sunspot_solr-2.2.0/solr
Nov 10, 2015 1:51:50 PM org.apache.solr.servlet.SolrDispatchFilter init
INFO: SolrDispatchFilter.init() done
Nov 10, 2015 1:54:28 PM org.apache.solr.core.SolrDeletionPolicy onInit
INFO: SolrDeletionPolicy.onInit: commits:num=1
	commit{dir=NRTCachingDirectory(org.apache.lucene.store.NIOFSDirectory@/Users/prakashteli/workspaces/enterprise-rails/components/search/spec/dummy/solr/development/data/index lockFactory=org.apache.lucene.store.NativeFSLockFactory@489c5325; maxCacheMB=48.0 maxMergeSizeMB=4.0),segFN=segments_h,generation=17,filenames=[_h_Lucene41_0.tip, _g.nvm, _g.fnm, _h_Lucene41_0.doc, _h_Lucene41_0.tim, _g.nvd, _g.fdx, _g_Lucene41_0.pos, _h.nvm, _h.fnm, _g.fdt, _g_Lucene41_0.doc, _g_Lucene41_0.tim, _h.si, segments_h, _g_Lucene41_0.tip, _g.si, _h.fdx, _h.nvd, _h.fdt, _h_Lucene41_0.pos]
Nov 10, 2015 1:54:28 PM org.apache.solr.core.SolrDeletionPolicy updateCommits
INFO: newest commit = 17[_h_Lucene41_0.tip, _g.nvm, _g.fnm, _h_Lucene41_0.doc, _h_Lucene41_0.tim, _g.nvd, _g.fdx, _g_Lucene41_0.pos, _h.nvm, _h.fnm, _g.fdt, _g_Lucene41_0.doc, _g_Lucene41_0.tim, _h.si, segments_h, _g_Lucene41_0.tip, _g.si, _h.fdx, _h.nvd, _h.fdt, _h_Lucene41_0.pos]
Nov 10, 2015 1:54:28 PM org.apache.solr.update.processor.LogUpdateProcessor finish
INFO: [development] webapp=/solr path=/update params={wt=ruby} {add=[User 1 (1517479964766633984)]} 0 60
Nov 10, 2015 1:54:28 PM org.apache.solr.update.DirectUpdateHandler2 commit
INFO: start commit{,optimize=false,openSearcher=true,waitSearcher=true,expungeDeletes=false,softCommit=false,prepareCommit=false}
Nov 10, 2015 1:54:28 PM org.apache.solr.core.SolrDeletionPolicy onCommit
INFO: SolrDeletionPolicy.onCommit: commits:num=2
	commit{dir=NRTCachingDirectory(org.apache.lucene.store.NIOFSDirectory@/Users/prakashteli/workspaces/enterprise-rails/components/search/spec/dummy/solr/development/data/index lockFactory=org.apache.lucene.store.NativeFSLockFactory@489c5325; maxCacheMB=48.0 maxMergeSizeMB=4.0),segFN=segments_h,generation=17,filenames=[_h_Lucene41_0.tip, _g.nvm, _g.fnm, _h_Lucene41_0.doc, _h_Lucene41_0.tim, _g.nvd, _g.fdx, _g_Lucene41_0.pos, _h.nvm, _h.fnm, _g.fdt, _g_Lucene41_0.doc, _g_Lucene41_0.tim, _h.si, segments_h, _g_Lucene41_0.tip, _g.si, _h.fdx, _h.nvd, _h.fdt, _h_Lucene41_0.pos]
	commit{dir=NRTCachingDirectory(org.apache.lucene.store.NIOFSDirectory@/Users/prakashteli/workspaces/enterprise-rails/components/search/spec/dummy/solr/development/data/index lockFactory=org.apache.lucene.store.NativeFSLockFactory@489c5325; maxCacheMB=48.0 maxMergeSizeMB=4.0),segFN=segments_i,generation=18,filenames=[_g.nvm, _g.fnm, _h_Lucene41_0.doc, _g.nvd, _g_Lucene41_0.pos, _h.nvm, _h.fnm, _g_Lucene41_0.tim, _h.si, _g_Lucene41_0.tip, _i.cfs, _h.fdx, _h.fdt, _h_Lucene41_0.tip, _g_1.del, _h_Lucene41_0.tim, _i.cfe, _g.fdx, _g.fdt, _g_Lucene41_0.doc, segments_i, _i.si, _g.si, _h.nvd, _h_Lucene41_0.pos]
Nov 10, 2015 1:54:28 PM org.apache.solr.core.SolrDeletionPolicy updateCommits
INFO: newest commit = 18[_g.nvm, _g.fnm, _h_Lucene41_0.doc, _g.nvd, _g_Lucene41_0.pos, _h.nvm, _h.fnm, _g_Lucene41_0.tim, _h.si, _g_Lucene41_0.tip, _i.cfs, _h.fdx, _h.fdt, _h_Lucene41_0.tip, _g_1.del, _h_Lucene41_0.tim, _i.cfe, _g.fdx, _g.fdt, _g_Lucene41_0.doc, segments_i, _i.si, _g.si, _h.nvd, _h_Lucene41_0.pos]
Nov 10, 2015 1:54:28 PM org.apache.solr.search.SolrIndexSearcher <init>
INFO: Opening Searcher@4a11e044 main
Nov 10, 2015 1:54:28 PM org.apache.solr.update.DirectUpdateHandler2 commit
INFO: end_commit_flush
Nov 10, 2015 1:54:28 PM org.apache.solr.handler.component.SpellCheckComponent$SpellCheckerListener buildSpellIndex
INFO: Building spell index for spell checker: default
Nov 10, 2015 1:54:28 PM org.apache.solr.handler.component.SpellCheckComponent$SpellCheckerListener buildSpellIndex
INFO: Building spell index for spell checker: example
Nov 10, 2015 1:54:28 PM org.apache.solr.core.SolrCore registerSearcher
INFO: [development] Registered new searcher Searcher@4a11e044 main{StandardDirectoryReader(segments_i:51 _g(4.2):C55/1 _h(4.2):C45 _i(4.2):c1)}
Nov 10, 2015 1:54:28 PM org.apache.solr.update.processor.LogUpdateProcessor finish
INFO: [development] webapp=/solr path=/update params={wt=ruby} {commit=} 0 59
Nov 10, 2015 1:54:46 PM org.apache.solr.search.SolrIndexSearcher <init>
INFO: Opening Searcher@46955e48 realtime
Nov 10, 2015 1:54:46 PM org.apache.solr.update.processor.LogUpdateProcessor finish
INFO: [development] webapp=/solr path=/update params={wt=ruby} {deleteByQuery=type:User (-1517479983833939968)} 0 36
Nov 10, 2015 1:54:46 PM org.apache.solr.update.processor.LogUpdateProcessor finish
INFO: [development] webapp=/solr path=/update params={wt=ruby} {add=[User 1 (1517479983983886336), User 2 (1517479983985983488), User 3 (1517479983987032064), User 4 (1517479983988080640), User 5 (1517479983989129216), User 6 (1517479983989129217), User 7 (1517479983990177792), User 8 (1517479983991226368), User 9 (1517479983992274944), User 10 (1517479983993323520), ... (50 adds)]} 0 40
Nov 10, 2015 1:54:46 PM org.apache.solr.update.DirectUpdateHandler2 commit
INFO: start commit{,optimize=false,openSearcher=true,waitSearcher=true,expungeDeletes=false,softCommit=false,prepareCommit=false}
Nov 10, 2015 1:54:46 PM org.apache.solr.core.SolrDeletionPolicy onCommit
INFO: SolrDeletionPolicy.onCommit: commits:num=2
	commit{dir=NRTCachingDirectory(org.apache.lucene.store.NIOFSDirectory@/Users/prakashteli/workspaces/enterprise-rails/components/search/spec/dummy/solr/development/data/index lockFactory=org.apache.lucene.store.NativeFSLockFactory@489c5325; maxCacheMB=48.0 maxMergeSizeMB=4.0),segFN=segments_i,generation=18,filenames=[_g.nvm, _g.fnm, _h_Lucene41_0.doc, _g.nvd, _g_Lucene41_0.pos, _h.nvm, _h.fnm, _g_Lucene41_0.tim, _h.si, _g_Lucene41_0.tip, _i.cfs, _h.fdx, _h.fdt, _h_Lucene41_0.tip, _g_1.del, _h_Lucene41_0.tim, _i.cfe, _g.fdx, _g.fdt, _g_Lucene41_0.doc, segments_i, _i.si, _g.si, _h.nvd, _h_Lucene41_0.pos]
	commit{dir=NRTCachingDirectory(org.apache.lucene.store.NIOFSDirectory@/Users/prakashteli/workspaces/enterprise-rails/components/search/spec/dummy/solr/development/data/index lockFactory=org.apache.lucene.store.NativeFSLockFactory@489c5325; maxCacheMB=48.0 maxMergeSizeMB=4.0),segFN=segments_j,generation=19,filenames=[_g.nvm, _g.fnm, _j_Lucene41_0.tip, _g.nvd, _g.fdx, _j.nvm, _j.fnm, _g_Lucene41_0.pos, _g.fdt, segments_j, _g_Lucene41_0.doc, _g_Lucene41_0.tim, _j.nvd, _j.si, _g_Lucene41_0.tip, _g.si, _j_Lucene41_0.doc, _j_Lucene41_0.tim, _j.fdt, _g_2.del, _j_Lucene41_0.pos, _j.fdx]
Nov 10, 2015 1:54:46 PM org.apache.solr.core.SolrDeletionPolicy updateCommits
INFO: newest commit = 19[_g.nvm, _g.fnm, _j_Lucene41_0.tip, _g.nvd, _g.fdx, _j.nvm, _j.fnm, _g_Lucene41_0.pos, _g.fdt, segments_j, _g_Lucene41_0.doc, _g_Lucene41_0.tim, _j.nvd, _j.si, _g_Lucene41_0.tip, _g.si, _j_Lucene41_0.doc, _j_Lucene41_0.tim, _j.fdt, _g_2.del, _j_Lucene41_0.pos, _j.fdx]
Nov 10, 2015 1:54:46 PM org.apache.solr.search.SolrIndexSearcher <init>
INFO: Opening Searcher@6296389b main
Nov 10, 2015 1:54:46 PM org.apache.solr.handler.component.SpellCheckComponent$SpellCheckerListener buildSpellIndex
INFO: Building spell index for spell checker: default
Nov 10, 2015 1:54:46 PM org.apache.solr.update.DirectUpdateHandler2 commit
INFO: end_commit_flush
Nov 10, 2015 1:54:46 PM org.apache.solr.handler.component.SpellCheckComponent$SpellCheckerListener buildSpellIndex
INFO: Building spell index for spell checker: example
Nov 10, 2015 1:54:46 PM org.apache.solr.core.SolrCore registerSearcher
INFO: [development] Registered new searcher Searcher@6296389b main{StandardDirectoryReader(segments_j:55:nrt _g(4.2):C55/50 _j(4.2):C50)}
Nov 10, 2015 1:54:46 PM org.apache.solr.update.processor.LogUpdateProcessor finish
INFO: [development] webapp=/solr path=/update params={wt=ruby} {commit=} 0 70
Nov 10, 2015 1:54:46 PM org.apache.solr.update.processor.LogUpdateProcessor finish
INFO: [development] webapp=/solr path=/update params={wt=ruby} {add=[User 54 (1517479984192552960), User 55 (1517479984193601536), User 56 (1517479984194650112), User 57 (1517479984195698688), User 58 (1517479984195698689), User 59 (1517479984196747264), User 60 (1517479984196747265), User 61 (1517479984196747266), User 62 (1517479984196747267), User 63 (1517479984197795840), ... (45 adds)]} 0 18
Nov 10, 2015 1:54:46 PM org.apache.solr.update.DirectUpdateHandler2 commit
INFO: start commit{,optimize=false,openSearcher=true,waitSearcher=true,expungeDeletes=false,softCommit=false,prepareCommit=false}
Nov 10, 2015 1:54:46 PM org.apache.solr.core.SolrDeletionPolicy onCommit
INFO: SolrDeletionPolicy.onCommit: commits:num=2
	commit{dir=NRTCachingDirectory(org.apache.lucene.store.NIOFSDirectory@/Users/prakashteli/workspaces/enterprise-rails/components/search/spec/dummy/solr/development/data/index lockFactory=org.apache.lucene.store.NativeFSLockFactory@489c5325; maxCacheMB=48.0 maxMergeSizeMB=4.0),segFN=segments_j,generation=19,filenames=[_g.nvm, _g.fnm, _j_Lucene41_0.tip, _g.nvd, _g.fdx, _j.nvm, _j.fnm, _g_Lucene41_0.pos, _g.fdt, segments_j, _g_Lucene41_0.doc, _g_Lucene41_0.tim, _j.nvd, _j.si, _g_Lucene41_0.tip, _g.si, _j_Lucene41_0.doc, _j_Lucene41_0.tim, _j.fdt, _g_2.del, _j_Lucene41_0.pos, _j.fdx]
	commit{dir=NRTCachingDirectory(org.apache.lucene.store.NIOFSDirectory@/Users/prakashteli/workspaces/enterprise-rails/components/search/spec/dummy/solr/development/data/index lockFactory=org.apache.lucene.store.NativeFSLockFactory@489c5325; maxCacheMB=48.0 maxMergeSizeMB=4.0),segFN=segments_k,generation=20,filenames=[_k_Lucene41_0.pos, _g.nvm, _g.fnm, _k_Lucene41_0.tim, _j_Lucene41_0.tip, _g.nvd, _g_Lucene41_0.pos, _k.nvd, _g_Lucene41_0.tim, _j.nvd, _j.si, _g_Lucene41_0.tip, _j_Lucene41_0.tim, _k_Lucene41_0.tip, _g_2.del, _j_Lucene41_0.pos, _k.fdt, _k_Lucene41_0.doc, _g.fdx, _j.nvm, _j.fnm, _g.fdt, _k.fdx, _g_Lucene41_0.doc, _k.si, _k.nvm, _k.fnm, _g.si, segments_k, _j_Lucene41_0.doc, _j.fdt, _j.fdx]
Nov 10, 2015 1:54:46 PM org.apache.solr.core.SolrDeletionPolicy updateCommits
INFO: newest commit = 20[_k_Lucene41_0.pos, _g.nvm, _g.fnm, _k_Lucene41_0.tim, _j_Lucene41_0.tip, _g.nvd, _g_Lucene41_0.pos, _k.nvd, _g_Lucene41_0.tim, _j.nvd, _j.si, _g_Lucene41_0.tip, _j_Lucene41_0.tim, _k_Lucene41_0.tip, _g_2.del, _j_Lucene41_0.pos, _k.fdt, _k_Lucene41_0.doc, _g.fdx, _j.nvm, _j.fnm, _g.fdt, _k.fdx, _g_Lucene41_0.doc, _k.si, _k.nvm, _k.fnm, _g.si, segments_k, _j_Lucene41_0.doc, _j.fdt, _j.fdx]
Nov 10, 2015 1:54:46 PM org.apache.solr.search.SolrIndexSearcher <init>
INFO: Opening Searcher@78cdd25c main
Nov 10, 2015 1:54:46 PM org.apache.solr.handler.component.SpellCheckComponent$SpellCheckerListener buildSpellIndex
INFO: Building spell index for spell checker: default
Nov 10, 2015 1:54:46 PM org.apache.solr.update.DirectUpdateHandler2 commit
INFO: end_commit_flush
Nov 10, 2015 1:54:46 PM org.apache.solr.handler.component.SpellCheckComponent$SpellCheckerListener buildSpellIndex
INFO: Building spell index for spell checker: example
Nov 10, 2015 1:54:46 PM org.apache.solr.core.SolrCore registerSearcher
INFO: [development] Registered new searcher Searcher@78cdd25c main{StandardDirectoryReader(segments_k:57:nrt _g(4.2):C55/50 _j(4.2):C50 _k(4.2):C45)}
Nov 10, 2015 1:54:46 PM org.apache.solr.update.processor.LogUpdateProcessor finish
INFO: [development] webapp=/solr path=/update params={wt=ruby} {commit=} 0 63
Nov 10, 2015 5:33:40 PM org.apache.solr.core.SolrCore execute
INFO: [development] webapp=/solr path=/select params={q=kei*&defType=edismax&qf=first_name_text+last_name_text+email_text+groups_text&fl=*+score&start=0&fq=type:User&rows=10&wt=ruby} hits=1 status=0 QTime=36 
Nov 10, 2015 5:33:48 PM org.apache.solr.core.SolrCore execute
INFO: [development] webapp=/solr path=/select params={q=ke*&defType=edismax&qf=first_name_text+last_name_text+email_text+groups_text&fl=*+score&start=0&fq=type:User&rows=10&wt=ruby} hits=5 status=0 QTime=2 
Nov 10, 2015 5:33:58 PM org.apache.solr.core.SolrCore execute
INFO: [development] webapp=/solr path=/select params={q=f*&defType=edismax&qf=first_name_text+last_name_text+email_text+groups_text&fl=*+score&start=0&fq=type:User&rows=10&wt=ruby} hits=6 status=0 QTime=2 
Nov 10, 2015 5:33:59 PM org.apache.solr.core.SolrCore execute
INFO: [development] webapp=/solr path=/select params={q=f5*&defType=edismax&qf=first_name_text+last_name_text+email_text+groups_text&fl=*+score&start=0&fq=type:User&rows=10&wt=ruby} hits=0 status=0 QTime=1 
Nov 10, 2015 5:34:00 PM org.apache.solr.core.SolrCore execute
INFO: [development] webapp=/solr path=/select params={q=f*&defType=edismax&qf=first_name_text+last_name_text+email_text+groups_text&fl=*+score&start=0&fq=type:User&rows=10&wt=ruby} hits=6 status=0 QTime=0 
Nov 10, 2015 5:34:03 PM org.apache.solr.core.SolrCore execute
INFO: [development] webapp=/solr path=/select params={q=h*&defType=edismax&qf=first_name_text+last_name_text+email_text+groups_text&fl=*+score&start=0&fq=type:User&rows=10&wt=ruby} hits=22 status=0 QTime=1 
Nov 10, 2015 5:34:03 PM org.apache.solr.core.SolrCore execute
INFO: [development] webapp=/solr path=/select params={q=haa*&defType=edismax&qf=first_name_text+last_name_text+email_text+groups_text&fl=*+score&start=0&fq=type:User&rows=10&wt=ruby} hits=2 status=0 QTime=4 
Nov 10, 2015 5:34:04 PM org.apache.solr.core.SolrCore execute
INFO: [development] webapp=/solr path=/select params={q=haan*&defType=edismax&qf=first_name_text+last_name_text+email_text+groups_text&fl=*+score&start=0&fq=type:User&rows=10&wt=ruby} hits=1 status=0 QTime=2 
Nov 10, 2015 5:34:07 PM org.apache.solr.core.SolrCore execute
INFO: [development] webapp=/solr path=/select params={q=haa*&defType=edismax&qf=first_name_text+last_name_text+email_text+groups_text&fl=*+score&start=0&fq=type:User&rows=10&wt=ruby} hits=2 status=0 QTime=0 
Nov 10, 2015 5:34:07 PM org.apache.solr.core.SolrCore execute
INFO: [development] webapp=/solr path=/select params={q=ha*&defType=edismax&qf=first_name_text+last_name_text+email_text+groups_text&fl=*+score&start=0&fq=type:User&rows=10&wt=ruby} hits=11 status=0 QTime=2 
Nov 10, 2015 5:34:08 PM org.apache.solr.core.SolrCore execute
INFO: [development] webapp=/solr path=/select params={q=h*&defType=edismax&qf=first_name_text+last_name_text+email_text+groups_text&fl=*+score&start=0&fq=type:User&rows=10&wt=ruby} hits=22 status=0 QTime=0 
Nov 10, 2015 8:33:36 PM org.apache.solr.servlet.SolrDispatchFilter handleAdminRequest
INFO: [admin] webapp=null path=/admin/cores params={indexInfo=false&wt=json} status=0 QTime=2 
Nov 10, 2015 8:33:36 PM org.apache.solr.core.SolrCore execute
INFO: [default] webapp=/solr path=/admin/system params={wt=json} status=0 QTime=30 
Nov 10, 2015 8:33:37 PM org.apache.solr.servlet.SolrDispatchFilter handleAdminRequest
INFO: [admin] webapp=null path=/admin/cores params={indexInfo=false&wt=json} status=0 QTime=1 
Nov 10, 2015 8:33:37 PM org.apache.solr.core.SolrCore execute
INFO: [default] webapp=/solr path=/admin/system params={wt=json} status=0 QTime=17 
Nov 10, 2015 8:33:37 PM org.apache.solr.servlet.SolrDispatchFilter handleAdminRequest
INFO: [admin] webapp=null path=/admin/cores params={indexInfo=false&wt=json} status=0 QTime=0 
Nov 10, 2015 8:33:37 PM org.apache.solr.core.SolrCore execute
INFO: [default] webapp=/solr path=/admin/system params={wt=json} status=0 QTime=9 
Nov 10, 2015 8:33:38 PM org.apache.solr.servlet.SolrDispatchFilter handleAdminRequest
INFO: [admin] webapp=null path=/admin/cores params={indexInfo=false&wt=json} status=0 QTime=0 
Nov 10, 2015 8:33:38 PM org.apache.solr.core.SolrCore execute
INFO: [default] webapp=/solr path=/admin/system params={wt=json} status=0 QTime=13 
Nov 10, 2015 8:33:38 PM org.apache.solr.servlet.SolrDispatchFilter handleAdminRequest
INFO: [admin] webapp=null path=/admin/cores params={indexInfo=false&wt=json} status=0 QTime=1 
Nov 10, 2015 8:33:39 PM org.apache.solr.core.SolrCore execute
INFO: [default] webapp=/solr path=/admin/system params={wt=json} status=0 QTime=10 
